 2024-12-20 06:10:19,064 - [INFO] - пїЅпїЅпїЅпїЅпїЅпїЅпїЅ пїЅпїЅпїЅпїЅпїЅ
2024-12-20 06:10:19,064 - [INFO] - пїЅпїЅпїЅпїЅпїЅпїЅпїЅ
2024-12-20 15:26:48,829 - [INFO] - пїЅпїЅпїЅпїЅпїЅпїЅпїЅ пїЅпїЅпїЅпїЅпїЅ
2024-12-20 15:26:48,829 - [INFO] - пїЅпїЅпїЅпїЅпїЅпїЅпїЅ
2024-12-20 15:32:23,940 - [INFO] - пїЅпїЅпїЅпїЅпїЅпїЅпїЅ пїЅпїЅпїЅпїЅпїЅ
2024-12-20 15:32:23,940 - [INFO] - пїЅпїЅ пїЅпїЅпїЅпїЅпїЅпїЅпїЅ
2024-12-20 15:32:30,893 - [INFO] - пїЅпїЅпїЅпїЅпїЅпїЅпїЅ пїЅпїЅпїЅпїЅпїЅ
2024-12-20 15:32:30,894 - [INFO] - пїЅпїЅпїЅпїЅпїЅпїЅпїЅ
2024-12-20 15:38:34,051 - [INFO] - пїЅпїЅпїЅпїЅпїЅпїЅпїЅ пїЅпїЅпїЅпїЅпїЅ
2024-12-20 15:38:34,051 - [INFO] - пїЅпїЅпїЅпїЅпїЅпїЅпїЅ
2024-12-20 15:41:34,268 - [INFO] - пїЅпїЅпїЅпїЅпїЅпїЅпїЅ пїЅпїЅпїЅпїЅпїЅ
2024-12-20 15:41:34,269 - [INFO] - пїЅпїЅпїЅпїЅпїЅпїЅпїЅ
2024-12-20 15:42:11,739 - [INFO] - пїЅпїЅпїЅпїЅпїЅпїЅпїЅ пїЅпїЅпїЅпїЅпїЅ
2024-12-20 15:42:11,739 - [INFO] - пїЅпїЅпїЅпїЅпїЅпїЅпїЅ
2024-12-20 15:42:48,158 - [INFO] - пїЅпїЅпїЅпїЅпїЅпїЅпїЅ пїЅпїЅпїЅпїЅпїЅ
2024-12-20 15:42:48,158 - [INFO] - пїЅпїЅпїЅпїЅпїЅпїЅпїЅ
2024-12-20 15:49:25,932 - [INFO] - пїЅпїЅпїЅпїЅпїЅпїЅпїЅ пїЅпїЅпїЅпїЅпїЅ
2024-12-20 15:49:25,933 - [INFO] - пїЅпїЅпїЅпїЅпїЅпїЅпїЅ
2024-12-20 15:50:33,256 - [INFO] - пїЅпїЅпїЅпїЅпїЅпїЅпїЅ пїЅпїЅпїЅпїЅпїЅ
2024-12-20 15:50:33,257 - [INFO] - пїЅпїЅпїЅпїЅпїЅпїЅпїЅ
2024-12-20 15:51:36,607 - [INFO] - пїЅпїЅпїЅпїЅпїЅпїЅпїЅ пїЅпїЅпїЅпїЅпїЅ
2024-12-20 15:51:36,607 - [INFO] - пїЅпїЅпїЅпїЅпїЅпїЅпїЅ
2024-12-20 16:03:50,580 - [INFO] - Попытка Зайти
2024-12-20 16:03:50,581 - [INFO] - Успешно
2024-12-20 16:11:15,101 - [INFO] - Попытка Зайти
2024-12-20 16:11:15,101 - [INFO] - Успешно
2024-12-20 16:12:48,918 - [INFO] - Попытка Зайти
2024-12-20 16:12:48,920 - [INFO] - Успешно
2024-12-20 16:20:37,268 - [INFO] - Попытка Зайти
2024-12-20 16:20:37,268 - [INFO] - Успешно
2024-12-20 16:34:15,573 - [INFO] - Попытка Зайти
2024-12-20 16:34:15,575 - [INFO] - Успешно
2024-12-20 16:38:52,102 - [INFO] - Попытка Зайти
2024-12-20 16:38:52,102 - [INFO] - Успешно
2024-12-20 16:39:38,013 - [INFO] - Попытка Зайти
2024-12-20 16:39:38,014 - [INFO] - Успешно
2024-12-20 17:18:12,828 - [INFO] - Попытка Зайти
2024-12-20 17:18:12,830 - [INFO] - Успешно
2024-12-20 17:26:53,785 - [INFO] - Попытка удаления почтальона
2024-12-20 17:26:53,785 - [DEBUG] - Почтальон для удаления: Дэвид
2024-12-20 17:26:56,723 - [INFO] - Почтальон Дэвид успешно удален
2024-12-20 17:27:07,662 - [INFO] - Попытка удаления клиента
2024-12-20 17:27:07,662 - [DEBUG] - Клиент для удаления: Ёкирге
2024-12-20 17:27:09,178 - [DEBUG] - Ссылка на клиента Ёкирге удалена из адреса Чикаго Мичиган Авеню 3
2024-12-20 17:27:09,301 - [INFO] - Клиент Ёкирге успешно удален
2024-12-20 17:36:51,574 - [INFO] - Попытка Зайти
2024-12-20 17:36:51,576 - [INFO] - Успешно
2024-12-20 17:52:33,083 - [INFO] - Попытка удаления газеты
2024-12-20 17:52:33,084 - [DEBUG] - Газета для удаления: Ежедневные новости
2024-12-20 17:52:34,289 - [DEBUG] - Газета Ежедневные новости удалена из подписок клиента Джон Доу
2024-12-20 17:52:34,289 - [DEBUG] - Газета Ежедневные новости удалена из подписок клиента Джейн Смит
2024-12-20 17:52:34,290 - [DEBUG] - Газета Ежедневные новости удалена из подписок клиента Элис Джонсон
2024-12-20 17:52:34,290 - [DEBUG] - Газета Ежедневные новости удалена из подписок клиента Газманов
2024-12-20 17:52:34,293 - [ERROR] - Ошибка при удалении газеты Ежедневные новости: 'Postman' object has no attribute 'GetNewspapers'
2024-12-20 17:52:40,344 - [INFO] - Попытка удаления газеты
2024-12-20 17:52:40,345 - [DEBUG] - Газета для удаления: Ежедневные новости
2024-12-20 17:52:41,228 - [DEBUG] - Газета Ежедневные новости удалена из подписок клиента Джон Доу
2024-12-20 17:52:41,228 - [DEBUG] - Газета Ежедневные новости удалена из подписок клиента Джейн Смит
2024-12-20 17:52:41,228 - [DEBUG] - Газета Ежедневные новости удалена из подписок клиента Элис Джонсон
2024-12-20 17:52:41,228 - [DEBUG] - Газета Ежедневные новости удалена из подписок клиента Газманов
2024-12-20 17:52:41,229 - [ERROR] - Ошибка при удалении газеты Ежедневные новости: 'Postman' object has no attribute 'GetNewspapers'
2024-12-20 17:55:32,828 - [INFO] - Попытка Зайти
2024-12-20 17:55:32,828 - [INFO] - Успешно
2024-12-20 17:55:36,838 - [INFO] - Попытка удаления газеты
2024-12-20 17:55:36,838 - [DEBUG] - Газета для удаления: Ежедневные новости
2024-12-20 17:55:38,641 - [DEBUG] - Газета Ежедневные новости удалена из подписок клиента Джон Доу
2024-12-20 17:55:38,641 - [DEBUG] - Газета Ежедневные новости удалена из подписок клиента Джейн Смит
2024-12-20 17:55:38,641 - [DEBUG] - Газета Ежедневные новости удалена из подписок клиента Элис Джонсон
2024-12-20 17:55:38,641 - [DEBUG] - Газета Ежедневные новости удалена из подписок клиента Газманов
2024-12-20 17:55:38,641 - [DEBUG] - Газета Ежедневные новости удалена из списка газет почтальона Майк Браун
2024-12-20 17:55:38,641 - [DEBUG] - Газета Ежедневные новости удалена из списка газет почтальона Сара Дэвис
2024-12-20 17:55:38,904 - [ERROR] - Ошибка при удалении газеты Ежедневные новости: ОШИБКА:  INSERT или UPDATE в таблице "subscriptions" нарушает ограничение внешнего ключа "subscriptions_newspaper_id_fkey"
DETAIL:  Ключ (newspaper_id)=(85) отсутствует в таблице "newspapers".

2024-12-20 17:57:17,790 - [INFO] - Попытка Зайти
2024-12-20 17:57:17,791 - [INFO] - Успешно
2024-12-20 17:57:59,591 - [INFO] - Попытка Зайти
2024-12-20 17:57:59,591 - [INFO] - Успешно
2024-12-20 18:01:16,986 - [INFO] - Попытка удаления газеты
2024-12-20 18:01:16,989 - [DEBUG] - Газета для удаления: ww
2024-12-20 18:01:18,132 - [DEBUG] - Газета ww удалена из подписок клиента Джон Доу
2024-12-20 18:01:18,133 - [DEBUG] - Газета ww удалена из подписок клиента Джейн Смит
2024-12-20 18:01:18,133 - [DEBUG] - Газета ww удалена из подписок клиента Элис Джонсон
2024-12-20 18:01:18,133 - [DEBUG] - Газета ww удалена из подписок клиента Газманов
2024-12-20 18:01:18,133 - [DEBUG] - Газета ww удалена из списка газет почтальона Майк Браун
2024-12-20 18:01:18,133 - [DEBUG] - Газета ww удалена из списка газет почтальона Сара Дэвис
2024-12-20 18:01:18,297 - [ERROR] - Ошибка при удалении газеты ww: ОШИБКА:  INSERT или UPDATE в таблице "subscriptions" нарушает ограничение внешнего ключа "subscriptions_newspaper_id_fkey"
DETAIL:  Ключ (newspaper_id)=(99) отсутствует в таблице "newspapers".

2024-12-20 18:14:04,926 - [INFO] - Попытка Зайти
2024-12-20 18:14:04,927 - [INFO] - Успешно
2024-12-20 18:14:30,358 - [INFO] - Попытка Зайти
2024-12-20 18:14:30,358 - [INFO] - Успешно
2024-12-20 18:17:51,442 - [INFO] - Попытка Зайти
2024-12-20 18:17:51,443 - [INFO] - Успешно
2024-12-24 14:10:13,035 - [INFO] - Попытка Зайти
2024-12-24 14:10:13,036 - [INFO] - Успешно
